[debug] [2023-06-22T21:01:39.224Z] ----------------------------------------------------------------------
[debug] [2023-06-22T21:01:39.232Z] Command:       C:\Program Files\nodejs\node.exe C:\Users\Mateus\AppData\Roaming\npm\node_modules\firebase-tools\lib\bin\firebase.js init
[debug] [2023-06-22T21:01:39.233Z] CLI Version:   12.4.0
[debug] [2023-06-22T21:01:39.234Z] Platform:      win32
[debug] [2023-06-22T21:01:39.235Z] Node Version:  v19.6.0
[debug] [2023-06-22T21:01:39.235Z] Time:          Thu Jun 22 2023 18:01:39 GMT-0300 (Horário Padrão de Brasília)
[debug] [2023-06-22T21:01:39.236Z] ----------------------------------------------------------------------
[debug] 
[debug] [2023-06-22T21:01:39.295Z] >>> [apiv2][query] GET https://firebase-public.firebaseio.com/cli.json [none]
[debug] [2023-06-22T21:01:39.370Z] > command requires scopes: ["email","openid","https://www.googleapis.com/auth/cloudplatformprojects.readonly","https://www.googleapis.com/auth/firebase","https://www.googleapis.com/auth/cloud-platform"]
[debug] [2023-06-22T21:01:39.371Z] > authorizing via signed-in user (mateusgabrielmoreno264@gmail.com)
[info] 
     ######## #### ########  ######## ########     ###     ######  ########
     ##        ##  ##     ## ##       ##     ##  ##   ##  ##       ##
     ######    ##  ########  ######   ########  #########  ######  ######
     ##        ##  ##    ##  ##       ##     ## ##     ##       ## ##
     ##       #### ##     ## ######## ########  ##     ##  ######  ########

You're about to initialize a Firebase project in this directory:

  C:\Users\Mateus\Desktop\Curso_DankiCode\Curso JavaScript-Completo\instagram-clone

[debug] [2023-06-22T21:01:39.929Z] <<< [apiv2][status] GET https://firebase-public.firebaseio.com/cli.json 200
[debug] [2023-06-22T21:01:39.930Z] <<< [apiv2][body] GET https://firebase-public.firebaseio.com/cli.json {"cloudBuildErrorAfter":1594252800000,"cloudBuildWarnAfter":1590019200000,"defaultNode10After":1594252800000,"minVersion":"3.0.5","node8DeploysDisabledAfter":1613390400000,"node8RuntimeDisabledAfter":1615809600000,"node8WarnAfter":1600128000000}
[info] 
=== Project Setup
[info] 
[info] First, let's associate this project directory with a Firebase project.
[info] You can create multiple project aliases by running firebase use --add, 
[info] but for now we'll just set up a default project.
[info] 
[debug] [2023-06-22T21:03:23.355Z] > refreshing access token with scopes: []
[debug] [2023-06-22T21:03:23.357Z] >>> [apiv2][query] POST https://www.googleapis.com/oauth2/v3/token [none]
[debug] [2023-06-22T21:03:23.357Z] >>> [apiv2][body] POST https://www.googleapis.com/oauth2/v3/token [omitted]
[debug] [2023-06-22T21:03:23.610Z] <<< [apiv2][status] POST https://www.googleapis.com/oauth2/v3/token 200
[debug] [2023-06-22T21:03:23.610Z] <<< [apiv2][body] POST https://www.googleapis.com/oauth2/v3/token [omitted]
[debug] [2023-06-22T21:03:23.650Z] >>> [apiv2][query] GET https://firebase.googleapis.com/v1beta1/projects pageSize=100
[debug] [2023-06-22T21:03:24.865Z] <<< [apiv2][status] GET https://firebase.googleapis.com/v1beta1/projects 200
[debug] [2023-06-22T21:03:24.865Z] <<< [apiv2][body] GET https://firebase.googleapis.com/v1beta1/projects [omitted]
[info] i  Using project instagram-clone-d34fe (instagram-clone) 
[info] 
=== Hosting Setup
[info] 
[info] Your public directory is the folder (relative to your project directory) that
[info] will contain Hosting assets to be uploaded with firebase deploy. If you
[info] have a build process for your assets, use your build's output directory.
[info] 
[debug] [2023-06-22T21:04:16.553Z] >>> [apiv2][query] GET https://www.gstatic.com/firebasejs/releases.json [none]
[debug] [2023-06-22T21:04:16.718Z] <<< [apiv2][status] GET https://www.gstatic.com/firebasejs/releases.json 200
[debug] [2023-06-22T21:04:16.719Z] <<< [apiv2][body] GET https://www.gstatic.com/firebasejs/releases.json {"current":{"version":"9.22.2","browserURL":"https://www.gstatic.com/firebasejs/9.22.2/firebase.js","packageURL":"https://www.gstatic.com/firebasejs/9.22.2/firebase.tgz"},"live":{"version":"9.22","browserURL":"https://www.gstatic.com/firebasejs/live/9.22/firebase.js","packageURL":"https://www.gstatic.com/firebasejs/live/9.22/firebase.tgz"},"components":{"analytics":"https://www.gstatic.com/firebasejs/9.22.2/firebase-analytics.js","app":"https://www.gstatic.com/firebasejs/9.22.2/firebase-app.js","app-check":"https://www.gstatic.com/firebasejs/9.22.2/firebase-app-check.js","auth":"https://www.gstatic.com/firebasejs/9.22.2/firebase-auth.js","auth/cordova":"https://www.gstatic.com/firebasejs/9.22.2/firebase-auth/cordova.js","auth/react-native":"https://www.gstatic.com/firebasejs/9.22.2/firebase-auth/react-native.js","functions":"https://www.gstatic.com/firebasejs/9.22.2/firebase-functions.js","firestore":"https://www.gstatic.com/firebasejs/9.22.2/firebase-firestore.js","firestore/lite":"https://www.gstatic.com/firebasejs/9.22.2/firebase-firestore/lite.js","installations":"https://www.gstatic.com/firebasejs/9.22.2/firebase-installations.js","storage":"https://www.gstatic.com/firebasejs/9.22.2/firebase-storage.js","performance":"https://www.gstatic.com/firebasejs/9.22.2/firebase-performance.js","remote-config":"https://www.gstatic.com/firebasejs/9.22.2/firebase-remote-config.js","messaging":"https://www.gstatic.com/firebasejs/9.22.2/firebase-messaging.js","messaging/sw":"https://www.gstatic.com/firebasejs/9.22.2/firebase-messaging/sw.js","database":"https://www.gstatic.com/firebasejs/9.22.2/firebase-database.js","firestore.memory":"https://www.gstatic.com/firebasejs/9.22.2/firebase-firestore.memory.js"}}
[info] i  Skipping write of build/index.html 
[info] 
[info] i  Detected a .git folder at C:\Users\Mateus\Desktop\Curso_DankiCode 
[info] i  Authorizing with GitHub to upload your service account to a GitHub repository's secrets store. 
[info] 
[info] Visit this URL on this device to log in:
[info] https://github.com/login/oauth/authorize?client_id=89cf50f02ac6aaed3484&state=806381797&redirect_uri=http%3A%2F%2Flocalhost%3A9005&scope=read%3Auser%20repo%20public_repo
[info] 
[info] Waiting for authentication...
[debug] [2023-06-22T21:04:44.674Z] >>> [apiv2][query] POST https://github.com/login/oauth/access_token [none]
[debug] [2023-06-22T21:04:44.674Z] >>> [apiv2][body] POST https://github.com/login/oauth/access_token [stream]
[debug] [2023-06-22T21:04:44.997Z] <<< [apiv2][status] POST https://github.com/login/oauth/access_token 200
[debug] [2023-06-22T21:04:44.997Z] <<< [apiv2][body] POST https://github.com/login/oauth/access_token {"access_token":"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","token_type":"bearer","scope":"read:user,repo"}
[debug] [2023-06-22T21:04:45.028Z] >>> [apiv2][query] GET https://api.github.com/user [none]
[debug] [2023-06-22T21:04:45.361Z] <<< [apiv2][status] GET https://api.github.com/user 200
[debug] [2023-06-22T21:04:45.361Z] <<< [apiv2][body] GET https://api.github.com/user {"login":"mateus040","id":99621227,"node_id":"U_kgDOBfAZaw","avatar_url":"https://avatars.githubusercontent.com/u/99621227?v=4","gravatar_id":"","url":"https://api.github.com/users/mateus040","html_url":"https://github.com/mateus040","followers_url":"https://api.github.com/users/mateus040/followers","following_url":"https://api.github.com/users/mateus040/following{/other_user}","gists_url":"https://api.github.com/users/mateus040/gists{/gist_id}","starred_url":"https://api.github.com/users/mateus040/starred{/owner}{/repo}","subscriptions_url":"https://api.github.com/users/mateus040/subscriptions","organizations_url":"https://api.github.com/users/mateus040/orgs","repos_url":"https://api.github.com/users/mateus040/repos","events_url":"https://api.github.com/users/mateus040/events{/privacy}","received_events_url":"https://api.github.com/users/mateus040/received_events","type":"User","site_admin":false,"name":"Mateus Gabriel Moreno","company":"ETEC Joaquim Ferreira do Amaral","blog":"https://www.linkedin.com/in/mateus-gabriel-moreno-585344240/","location":"Jaú(SP)","email":null,"hireable":null,"bio":null,"twitter_username":null,"public_repos":42,"public_gists":0,"followers":26,"following":21,"created_at":"2022-02-13T22:51:59Z","updated_at":"2023-05-25T00:22:07Z","private_gists":0,"total_private_repos":6,"owned_private_repos":6,"disk_usage":56642,"collaborators":0,"two_factor_authentication":false,"plan":{"name":"free","space":976562499,"collaborators":0,"private_repos":10000}}
[info] 
[info] +  Success! Logged into GitHub as mateus040 
[info] 
[debug] [2023-06-22T21:06:01.719Z] >>> [apiv2][query] GET https://api.github.com/repos/mateus040/Curso_DankiCode/tree/master/Curso%20JavaScript-Completo/instagram-clone/actions/secrets/public-key type=owner
[debug] [2023-06-22T21:06:01.970Z] <<< [apiv2][status] GET https://api.github.com/repos/mateus040/Curso_DankiCode/tree/master/Curso%20JavaScript-Completo/instagram-clone/actions/secrets/public-key 404
[debug] [2023-06-22T21:06:01.970Z] <<< [apiv2][body] GET https://api.github.com/repos/mateus040/Curso_DankiCode/tree/master/Curso%20JavaScript-Completo/instagram-clone/actions/secrets/public-key {"message":"Not Found","documentation_url":"https://docs.github.com/rest"}
[info] 
[info] 
[error] !  The provided authorization cannot be used with this repository. If this repository is in an organization, did you remember to grant access? 
[info] 
[info] i  Action required: Visit this URL to ensure access has been granted to the appropriate organization(s) for the Firebase CLI GitHub OAuth App: 
[info] https://github.com/settings/connections/applications/89cf50f02ac6aaed3484
[info] 
[debug] [2023-06-22T21:06:18.983Z] >>> [apiv2][query] GET https://api.github.com/repos/mateus040/Curso_DankiCode/tree/master/Curso%20JavaScript-Completo/instagram-clone/actions/secrets/public-key type=owner
[debug] [2023-06-22T21:06:19.223Z] >>> [apiv2][query] GET https://api.github.com/repos//actions/secrets/public-key type=owner
[debug] [2023-06-22T21:06:19.236Z] <<< [apiv2][status] GET https://api.github.com/repos/mateus040/Curso_DankiCode/tree/master/Curso%20JavaScript-Completo/instagram-clone/actions/secrets/public-key 404
[debug] [2023-06-22T21:06:19.236Z] <<< [apiv2][body] GET https://api.github.com/repos/mateus040/Curso_DankiCode/tree/master/Curso%20JavaScript-Completo/instagram-clone/actions/secrets/public-key {"message":"Not Found","documentation_url":"https://docs.github.com/rest"}
[info] 
[info] 
[error] !  The provided authorization cannot be used with this repository. If this repository is in an organization, did you remember to grant access? 
[info] 
[info] i  Action required: Visit this URL to ensure access has been granted to the appropriate organization(s) for the Firebase CLI GitHub OAuth App: 
[info] https://github.com/settings/connections/applications/89cf50f02ac6aaed3484
[info] 
[debug] [2023-06-22T21:06:19.383Z] >>> [apiv2][query] GET https://api.github.com/repos/mateus040/Curso_DankiCode/tree/master/Curso%20JavaScript-Completo/instagram-clone/actions/secrets/public-key type=owner
[debug] [2023-06-22T21:06:19.449Z] <<< [apiv2][status] GET https://api.github.com/repos//actions/secrets/public-key 404
[debug] [2023-06-22T21:06:19.450Z] <<< [apiv2][body] GET https://api.github.com/repos//actions/secrets/public-key {"message":"Not Found","documentation_url":"https://docs.github.com/rest"}
[info] 
[info] 
[error] !  The provided authorization cannot be used with this repository. If this repository is in an organization, did you remember to grant access? 
[info] 
[info] i  Action required: Visit this URL to ensure access has been granted to the appropriate organization(s) for the Firebase CLI GitHub OAuth App: 
[info] https://github.com/settings/connections/applications/89cf50f02ac6aaed3484
[info] 
[debug] [2023-06-22T21:06:19.565Z] <<< [apiv2][status] GET https://api.github.com/repos/mateus040/Curso_DankiCode/tree/master/Curso%20JavaScript-Completo/instagram-clone/actions/secrets/public-key 404
[debug] [2023-06-22T21:06:19.565Z] <<< [apiv2][body] GET https://api.github.com/repos/mateus040/Curso_DankiCode/tree/master/Curso%20JavaScript-Completo/instagram-clone/actions/secrets/public-key {"message":"Not Found","documentation_url":"https://docs.github.com/rest"}
[info] 
[info] 
[error] !  The provided authorization cannot be used with this repository. If this repository is in an organization, did you remember to grant access? 
[info] 
[info] i  Action required: Visit this URL to ensure access has been granted to the appropriate organization(s) for the Firebase CLI GitHub OAuth App: 
[info] https://github.com/settings/connections/applications/89cf50f02ac6aaed3484
[info] 
[debug] [2023-06-22T21:06:19.583Z] >>> [apiv2][query] GET https://api.github.com/repos/mateus040/Curso_DankiCode/tree/master/Curso%20JavaScript-Completo/instagram-clone/actions/secrets/public-key type=owner
[debug] [2023-06-22T21:06:19.742Z] >>> [apiv2][query] GET https://api.github.com/repos//actions/secrets/public-key type=owner
[debug] [2023-06-22T21:06:19.763Z] <<< [apiv2][status] GET https://api.github.com/repos/mateus040/Curso_DankiCode/tree/master/Curso%20JavaScript-Completo/instagram-clone/actions/secrets/public-key 404
[debug] [2023-06-22T21:06:19.763Z] <<< [apiv2][body] GET https://api.github.com/repos/mateus040/Curso_DankiCode/tree/master/Curso%20JavaScript-Completo/instagram-clone/actions/secrets/public-key {"message":"Not Found","documentation_url":"https://docs.github.com/rest"}
[info] 
[info] 
[error] !  The provided authorization cannot be used with this repository. If this repository is in an organization, did you remember to grant access? 
[info] 
[info] i  Action required: Visit this URL to ensure access has been granted to the appropriate organization(s) for the Firebase CLI GitHub OAuth App: 
[info] https://github.com/settings/connections/applications/89cf50f02ac6aaed3484
[info] 
[debug] [2023-06-22T21:06:19.926Z] >>> [apiv2][query] GET https://api.github.com/repos/mateus040/Curso_DankiCode/tree/master/Curso%20JavaScript-Completo/instagram-clone/actions/secrets/public-key type=owner
[debug] [2023-06-22T21:06:19.960Z] <<< [apiv2][status] GET https://api.github.com/repos//actions/secrets/public-key 404
[debug] [2023-06-22T21:06:19.961Z] <<< [apiv2][body] GET https://api.github.com/repos//actions/secrets/public-key {"message":"Not Found","documentation_url":"https://docs.github.com/rest"}
[info] 
[info] 
[error] !  The provided authorization cannot be used with this repository. If this repository is in an organization, did you remember to grant access? 
[info] 
[info] i  Action required: Visit this URL to ensure access has been granted to the appropriate organization(s) for the Firebase CLI GitHub OAuth App: 
[info] https://github.com/settings/connections/applications/89cf50f02ac6aaed3484
[info] 
[debug] [2023-06-22T21:06:20.078Z] >>> [apiv2][query] GET https://api.github.com/repos//actions/secrets/public-key type=owner
[debug] [2023-06-22T21:06:20.110Z] <<< [apiv2][status] GET https://api.github.com/repos/mateus040/Curso_DankiCode/tree/master/Curso%20JavaScript-Completo/instagram-clone/actions/secrets/public-key 404
[debug] [2023-06-22T21:06:20.110Z] <<< [apiv2][body] GET https://api.github.com/repos/mateus040/Curso_DankiCode/tree/master/Curso%20JavaScript-Completo/instagram-clone/actions/secrets/public-key {"message":"Not Found","documentation_url":"https://docs.github.com/rest"}
[info] 
[info] 
[error] !  The provided authorization cannot be used with this repository. If this repository is in an organization, did you remember to grant access? 
[info] 
[info] i  Action required: Visit this URL to ensure access has been granted to the appropriate organization(s) for the Firebase CLI GitHub OAuth App: 
[info] https://github.com/settings/connections/applications/89cf50f02ac6aaed3484
[info] 
[debug] [2023-06-22T21:06:20.246Z] >>> [apiv2][query] GET https://api.github.com/repos/mateus040/Curso_DankiCode/tree/master/Curso%20JavaScript-Completo/instagram-clone/actions/secrets/public-key type=owner
[debug] [2023-06-22T21:06:20.248Z] <<< [apiv2][status] GET https://api.github.com/repos//actions/secrets/public-key 404
[debug] [2023-06-22T21:06:20.248Z] <<< [apiv2][body] GET https://api.github.com/repos//actions/secrets/public-key {"message":"Not Found","documentation_url":"https://docs.github.com/rest"}
[info] 
[info] 
[error] !  The provided authorization cannot be used with this repository. If this repository is in an organization, did you remember to grant access? 
[info] 
[info] i  Action required: Visit this URL to ensure access has been granted to the appropriate organization(s) for the Firebase CLI GitHub OAuth App: 
[info] https://github.com/settings/connections/applications/89cf50f02ac6aaed3484
[info] 
[debug] [2023-06-22T21:06:20.439Z] <<< [apiv2][status] GET https://api.github.com/repos/mateus040/Curso_DankiCode/tree/master/Curso%20JavaScript-Completo/instagram-clone/actions/secrets/public-key 404
[debug] [2023-06-22T21:06:20.440Z] <<< [apiv2][body] GET https://api.github.com/repos/mateus040/Curso_DankiCode/tree/master/Curso%20JavaScript-Completo/instagram-clone/actions/secrets/public-key {"message":"Not Found","documentation_url":"https://docs.github.com/rest"}
[info] 
[info] 
[error] !  The provided authorization cannot be used with this repository. If this repository is in an organization, did you remember to grant access? 
[info] 
[info] i  Action required: Visit this URL to ensure access has been granted to the appropriate organization(s) for the Firebase CLI GitHub OAuth App: 
[info] https://github.com/settings/connections/applications/89cf50f02ac6aaed3484
[info] 
[debug] [2023-06-22T21:06:20.494Z] >>> [apiv2][query] GET https://api.github.com/repos/mateus040/Curso_DankiCode/tree/master/Curso%20JavaScript-Completo/instagram-clone/actions/secrets/public-key type=owner
[debug] [2023-06-22T21:06:20.623Z] >>> [apiv2][query] GET https://api.github.com/repos//actions/secrets/public-key type=owner
[debug] [2023-06-22T21:06:20.680Z] <<< [apiv2][status] GET https://api.github.com/repos/mateus040/Curso_DankiCode/tree/master/Curso%20JavaScript-Completo/instagram-clone/actions/secrets/public-key 404
[debug] [2023-06-22T21:06:20.680Z] <<< [apiv2][body] GET https://api.github.com/repos/mateus040/Curso_DankiCode/tree/master/Curso%20JavaScript-Completo/instagram-clone/actions/secrets/public-key {"message":"Not Found","documentation_url":"https://docs.github.com/rest"}
[info] 
[info] 
[error] !  The provided authorization cannot be used with this repository. If this repository is in an organization, did you remember to grant access? 
[info] 
[info] i  Action required: Visit this URL to ensure access has been granted to the appropriate organization(s) for the Firebase CLI GitHub OAuth App: 
[info] https://github.com/settings/connections/applications/89cf50f02ac6aaed3484
[info] 
[debug] [2023-06-22T21:06:20.798Z] <<< [apiv2][status] GET https://api.github.com/repos//actions/secrets/public-key 404
[debug] [2023-06-22T21:06:20.798Z] <<< [apiv2][body] GET https://api.github.com/repos//actions/secrets/public-key {"message":"Not Found","documentation_url":"https://docs.github.com/rest"}
[info] 
[info] 
[error] !  The provided authorization cannot be used with this repository. If this repository is in an organization, did you remember to grant access? 
[info] 
[info] i  Action required: Visit this URL to ensure access has been granted to the appropriate organization(s) for the Firebase CLI GitHub OAuth App: 
[info] https://github.com/settings/connections/applications/89cf50f02ac6aaed3484
[info] 
[debug] [2023-06-22T21:06:21.295Z] >>> [apiv2][query] GET https://api.github.com/repos/mateus040/Curso_DankiCode/tree/master/Curso%20JavaScript-Completo/instagram-clone/actions/secrets/public-key type=owner
[debug] [2023-06-22T21:06:21.471Z] <<< [apiv2][status] GET https://api.github.com/repos/mateus040/Curso_DankiCode/tree/master/Curso%20JavaScript-Completo/instagram-clone/actions/secrets/public-key 404
[debug] [2023-06-22T21:06:21.472Z] <<< [apiv2][body] GET https://api.github.com/repos/mateus040/Curso_DankiCode/tree/master/Curso%20JavaScript-Completo/instagram-clone/actions/secrets/public-key {"message":"Not Found","documentation_url":"https://docs.github.com/rest"}
[info] 
[info] 
[error] !  The provided authorization cannot be used with this repository. If this repository is in an organization, did you remember to grant access? 
[info] 
[info] i  Action required: Visit this URL to ensure access has been granted to the appropriate organization(s) for the Firebase CLI GitHub OAuth App: 
[info] https://github.com/settings/connections/applications/89cf50f02ac6aaed3484
[info] 
[debug] [2023-06-22T21:06:21.854Z] >>> [apiv2][query] GET https://api.github.com/repos/mateus040/Curso_DankiCode/tree/master/Curso%20JavaScript-Completo/instagram-clone/actions/secrets/public-key type=owner
[debug] [2023-06-22T21:06:22.037Z] <<< [apiv2][status] GET https://api.github.com/repos/mateus040/Curso_DankiCode/tree/master/Curso%20JavaScript-Completo/instagram-clone/actions/secrets/public-key 404
[debug] [2023-06-22T21:06:22.037Z] <<< [apiv2][body] GET https://api.github.com/repos/mateus040/Curso_DankiCode/tree/master/Curso%20JavaScript-Completo/instagram-clone/actions/secrets/public-key {"message":"Not Found","documentation_url":"https://docs.github.com/rest"}
[info] 
[info] 
[error] !  The provided authorization cannot be used with this repository. If this repository is in an organization, did you remember to grant access? 
[info] 
[info] i  Action required: Visit this URL to ensure access has been granted to the appropriate organization(s) for the Firebase CLI GitHub OAuth App: 
[info] https://github.com/settings/connections/applications/89cf50f02ac6aaed3484
[info] 
[debug] [2023-06-22T21:06:22.262Z] >>> [apiv2][query] GET https://api.github.com/repos/mateus040/Curso_DankiCode/tree/master/Curso%20JavaScript-Completo/instagram-clone/actions/secrets/public-key type=owner
[debug] [2023-06-22T21:06:22.439Z] <<< [apiv2][status] GET https://api.github.com/repos/mateus040/Curso_DankiCode/tree/master/Curso%20JavaScript-Completo/instagram-clone/actions/secrets/public-key 404
[debug] [2023-06-22T21:06:22.439Z] <<< [apiv2][body] GET https://api.github.com/repos/mateus040/Curso_DankiCode/tree/master/Curso%20JavaScript-Completo/instagram-clone/actions/secrets/public-key {"message":"Not Found","documentation_url":"https://docs.github.com/rest"}
[info] 
[info] 
[error] !  The provided authorization cannot be used with this repository. If this repository is in an organization, did you remember to grant access? 
[info] 
[info] i  Action required: Visit this URL to ensure access has been granted to the appropriate organization(s) for the Firebase CLI GitHub OAuth App: 
[info] https://github.com/settings/connections/applications/89cf50f02ac6aaed3484
[info] 
[debug] [2023-06-22T21:06:22.590Z] >>> [apiv2][query] GET https://api.github.com/repos/mateus040/Curso_DankiCode/tree/master/Curso%20JavaScript-Completo/instagram-clone/actions/secrets/public-key type=owner
[debug] [2023-06-22T21:06:22.772Z] <<< [apiv2][status] GET https://api.github.com/repos/mateus040/Curso_DankiCode/tree/master/Curso%20JavaScript-Completo/instagram-clone/actions/secrets/public-key 404
[debug] [2023-06-22T21:06:22.772Z] <<< [apiv2][body] GET https://api.github.com/repos/mateus040/Curso_DankiCode/tree/master/Curso%20JavaScript-Completo/instagram-clone/actions/secrets/public-key {"message":"Not Found","documentation_url":"https://docs.github.com/rest"}
[info] 
[info] 
[error] !  The provided authorization cannot be used with this repository. If this repository is in an organization, did you remember to grant access? 
[info] 
[info] i  Action required: Visit this URL to ensure access has been granted to the appropriate organization(s) for the Firebase CLI GitHub OAuth App: 
[info] https://github.com/settings/connections/applications/89cf50f02ac6aaed3484
[info] 
[debug] [2023-06-22T21:06:37.926Z] >>> [apiv2][query] GET https://api.github.com/repos/mateus040/Curso_DankiCode/tree/master/Curso%20JavaScript-Completo/instagram-clone/actions/secrets/public-key type=owner
[debug] [2023-06-22T21:06:38.171Z] <<< [apiv2][status] GET https://api.github.com/repos/mateus040/Curso_DankiCode/tree/master/Curso%20JavaScript-Completo/instagram-clone/actions/secrets/public-key 404
[debug] [2023-06-22T21:06:38.171Z] <<< [apiv2][body] GET https://api.github.com/repos/mateus040/Curso_DankiCode/tree/master/Curso%20JavaScript-Completo/instagram-clone/actions/secrets/public-key {"message":"Not Found","documentation_url":"https://docs.github.com/rest"}
[info] 
[info] 
[error] !  The provided authorization cannot be used with this repository. If this repository is in an organization, did you remember to grant access? 
[info] 
[info] i  Action required: Visit this URL to ensure access has been granted to the appropriate organization(s) for the Firebase CLI GitHub OAuth App: 
[info] https://github.com/settings/connections/applications/89cf50f02ac6aaed3484
[info] 
